<?xml version="1.0" encoding="UTF-8"?>
<!-- Generated by org.testng.reporters.JUnitReportReporter -->
<testsuite hostname="LAPTOP-D7U7C3GM" failures="0" tests="2" name="CarTests" time="0.004" errors="0" timestamp="2022-04-22T15:23:37 PDT" skipped="0">
  <testcase classname="CarTests" name="canBuildCar" time="0.004"/>
  <system-out/>
  <testcase classname="CarTests" name="canStartCar" time="0.000"/>
  <system-out/>
</testsuite> <!-- CarTests -->
