<?xml version="1.0" encoding="UTF-8"?>
<!-- Generated by org.testng.reporters.JUnitReportReporter -->
<testsuite hostname="LAPTOP-D7U7C3GM" failures="0" tests="13" name="JavaBasics" time="0.016" errors="0" timestamp="2022-04-18T16:44:55 PDT" skipped="0">
  <testcase classname="JavaBasics" name="comparesBooleansUsingLogicalAndOperator" time="0.001"/>
  <system-out/>
  <testcase classname="JavaBasics" name="canIterateThroughCollectionUsingForEach" time="0.001"/>
  <system-out/>
  <testcase classname="JavaBasics" name="comparesBooleansUsingLogicalOrOperator" time="0.001"/>
  <system-out/>
  <testcase classname="JavaBasics" name="numbersArePostIncrementedUsingUnaryOperator" time="0.000"/>
  <system-out/>
  <testcase classname="JavaBasics" name="canCatchException" time="0.001"/>
  <system-out/>
  <testcase classname="JavaBasics" name="comparesReferenceTypesUsingEqualsMethod" time="0.001"/>
  <system-out/>
  <testcase classname="JavaBasics" name="comparesReferenceTypesUsingIsEqualToOperator" time="0.001"/>
  <system-out/>
  <testcase classname="JavaBasics" name="numbersArePreDecrementedUsingUnaryOperator" time="0.001"/>
  <system-out/>
  <testcase classname="JavaBasics" name="canUseMultipleIfStatements" time="0.001"/>
  <system-out/>
  <testcase classname="JavaBasics" name="comparesValueTypesUsingIsEqualToOperator" time="0.000"/>
  <system-out/>
  <testcase classname="JavaBasics" name="canUseNestedForLoop" time="0.001"/>
  <system-out/>
  <testcase classname="JavaBasics" name="canUseIfElseStatements" time="0.001"/>
  <system-out/>
  <testcase classname="JavaBasics" name="booleanCanBeInversedUsingExclaimationOperator" time="0.006"/>
  <system-out/>
</testsuite> <!-- JavaBasics -->
