<?xml version="1.0" encoding="UTF-8"?>
<!-- Generated by org.testng.reporters.JUnitReportReporter -->
<testsuite hostname="LAPTOP-D7U7C3GM" failures="0" tests="4" name="ConvertibleCarTests" time="0.007" errors="0" timestamp="2022-04-22T15:44:03 PDT" skipped="0">
  <testcase classname="ConvertibleCarTests" name="canStartConvertibleCar" time="0.000"/>
  <system-out/>
  <testcase classname="ConvertibleCarTests" name="canBuildConvertibleCar" time="0.006"/>
  <system-out/>
  <testcase classname="ConvertibleCarTests" name="canLowerTop" time="0.000"/>
  <system-out/>
  <testcase classname="ConvertibleCarTests" name="canRaiseTop" time="0.001"/>
  <system-out/>
</testsuite> <!-- ConvertibleCarTests -->
